{"total": {"lines":{"total":9270,"covered":7963,"skipped":0,"pct":85.9},"statements":{"total":9270,"covered":7963,"skipped":0,"pct":85.9},"functions":{"total":699,"covered":481,"skipped":0,"pct":68.81},"branches":{"total":2015,"covered":1659,"skipped":0,"pct":82.33},"branchesTrue":{"total":0,"covered":0,"skipped":0,"pct":100}}
,"C:\\Users\\ICNA\\Desktop\\IWrite\\web\\src\\app\\layout.tsx": {"lines":{"total":17,"covered":0,"skipped":0,"pct":0},"functions":{"total":1,"covered":1,"skipped":0,"pct":100},"statements":{"total":17,"covered":0,"skipped":0,"pct":0},"branches":{"total":1,"covered":1,"skipped":0,"pct":100}}
,"C:\\Users\\ICNA\\Desktop\\IWrite\\web\\src\\app\\page.tsx": {"lines":{"total":36,"covered":36,"skipped":0,"pct":100},"functions":{"total":1,"covered":1,"skipped":0,"pct":100},"statements":{"total":36,"covered":36,"skipped":0,"pct":100},"branches":{"total":1,"covered":1,"skipped":0,"pct":100}}
,"C:\\Users\\ICNA\\Desktop\\IWrite\\web\\src\\app\\books\\[bookId]\\page.tsx": {"lines":{"total":14,"covered":0,"skipped":0,"pct":0},"functions":{"total":1,"covered":0,"skipped":0,"pct":0},"statements":{"total":14,"covered":0,"skipped":0,"pct":0},"branches":{"total":1,"covered":0,"skipped":0,"pct":0}}
,"C:\\Users\\ICNA\\Desktop\\IWrite\\web\\src\\app\\dashboard\\page.tsx": {"lines":{"total":4,"covered":0,"skipped":0,"pct":0},"functions":{"total":1,"covered":0,"skipped":0,"pct":0},"statements":{"total":4,"covered":0,"skipped":0,"pct":0},"branches":{"total":1,"covered":0,"skipped":0,"pct":0}}
,"C:\\Users\\ICNA\\Desktop\\IWrite\\web\\src\\app\\health\\route.ts": {"lines":{"total":16,"covered":0,"skipped":0,"pct":0},"functions":{"total":1,"covered":0,"skipped":0,"pct":0},"statements":{"total":16,"covered":0,"skipped":0,"pct":0},"branches":{"total":1,"covered":0,"skipped":0,"pct":0}}
,"C:\\Users\\ICNA\\Desktop\\IWrite\\web\\src\\app\\ping\\route.ts": {"lines":{"total":8,"covered":0,"skipped":0,"pct":0},"functions":{"total":1,"covered":0,"skipped":0,"pct":0},"statements":{"total":8,"covered":0,"skipped":0,"pct":0},"branches":{"total":1,"covered":0,"skipped":0,"pct":0}}
,"C:\\Users\\ICNA\\Desktop\\IWrite\\web\\src\\components\\providers\\query-provider.tsx": {"lines":{"total":16,"covered":0,"skipped":0,"pct":0},"functions":{"total":1,"covered":1,"skipped":0,"pct":100},"statements":{"total":16,"covered":0,"skipped":0,"pct":0},"branches":{"total":1,"covered":1,"skipped":0,"pct":100}}
,"C:\\Users\\ICNA\\Desktop\\IWrite\\web\\src\\components\\ui\\badge.tsx": {"lines":{"total":11,"covered":11,"skipped":0,"pct":100},"functions":{"total":1,"covered":1,"skipped":0,"pct":100},"statements":{"total":11,"covered":11,"skipped":0,"pct":100},"branches":{"total":1,"covered":1,"skipped":0,"pct":100}}
,"C:\\Users\\ICNA\\Desktop\\IWrite\\web\\src\\components\\ui\\button.tsx": {"lines":{"total":16,"covered":16,"skipped":0,"pct":100},"functions":{"total":1,"covered":1,"skipped":0,"pct":100},"statements":{"total":16,"covered":16,"skipped":0,"pct":100},"branches":{"total":1,"covered":1,"skipped":0,"pct":100}}
,"C:\\Users\\ICNA\\Desktop\\IWrite\\web\\src\\components\\ui\\card.tsx": {"lines":{"total":7,"covered":7,"skipped":0,"pct":100},"functions":{"total":1,"covered":1,"skipped":0,"pct":100},"statements":{"total":7,"covered":7,"skipped":0,"pct":100},"branches":{"total":1,"covered":1,"skipped":0,"pct":100}}
,"C:\\Users\\ICNA\\Desktop\\IWrite\\web\\src\\components\\ui\\empty-state.tsx": {"lines":{"total":19,"covered":19,"skipped":0,"pct":100},"functions":{"total":1,"covered":1,"skipped":0,"pct":100},"statements":{"total":19,"covered":19,"skipped":0,"pct":100},"branches":{"total":5,"covered":5,"skipped":0,"pct":100}}
,"C:\\Users\\ICNA\\Desktop\\IWrite\\web\\src\\components\\ui\\feedback-message.tsx": {"lines":{"total":13,"covered":13,"skipped":0,"pct":100},"functions":{"total":1,"covered":1,"skipped":0,"pct":100},"statements":{"total":13,"covered":13,"skipped":0,"pct":100},"branches":{"total":3,"covered":3,"skipped":0,"pct":100}}
,"C:\\Users\\ICNA\\Desktop\\IWrite\\web\\src\\components\\ui\\feedback.tsx": {"lines":{"total":10,"covered":10,"skipped":0,"pct":100},"functions":{"total":2,"covered":2,"skipped":0,"pct":100},"statements":{"total":10,"covered":10,"skipped":0,"pct":100},"branches":{"total":2,"covered":2,"skipped":0,"pct":100}}
,"C:\\Users\\ICNA\\Desktop\\IWrite\\web\\src\\components\\ui\\index.ts": {"lines":{"total":9,"covered":0,"skipped":0,"pct":0},"functions":{"total":1,"covered":0,"skipped":0,"pct":0},"statements":{"total":9,"covered":0,"skipped":0,"pct":0},"branches":{"total":1,"covered":0,"skipped":0,"pct":0}}
,"C:\\Users\\ICNA\\Desktop\\IWrite\\web\\src\\components\\ui\\input.tsx": {"lines":{"total":7,"covered":7,"skipped":0,"pct":100},"functions":{"total":1,"covered":1,"skipped":0,"pct":100},"statements":{"total":7,"covered":7,"skipped":0,"pct":100},"branches":{"total":1,"covered":1,"skipped":0,"pct":100}}
,"C:\\Users\\ICNA\\Desktop\\IWrite\\web\\src\\components\\ui\\text-field.tsx": {"lines":{"total":16,"covered":16,"skipped":0,"pct":100},"functions":{"total":2,"covered":2,"skipped":0,"pct":100},"statements":{"total":16,"covered":16,"skipped":0,"pct":100},"branches":{"total":2,"covered":2,"skipped":0,"pct":100}}
,"C:\\Users\\ICNA\\Desktop\\IWrite\\web\\src\\components\\ui\\textarea.tsx": {"lines":{"total":7,"covered":7,"skipped":0,"pct":100},"functions":{"total":1,"covered":1,"skipped":0,"pct":100},"statements":{"total":7,"covered":7,"skipped":0,"pct":100},"branches":{"total":1,"covered":1,"skipped":0,"pct":100}}
,"C:\\Users\\ICNA\\Desktop\\IWrite\\web\\src\\features\\books\\types.ts": {"lines":{"total":0,"covered":0,"skipped":0,"pct":100},"functions":{"total":1,"covered":1,"skipped":0,"pct":100},"statements":{"total":0,"covered":0,"skipped":0,"pct":100},"branches":{"total":1,"covered":1,"skipped":0,"pct":100}}
,"C:\\Users\\ICNA\\Desktop\\IWrite\\web\\src\\features\\books\\api\\books-api.ts": {"lines":{"total":21,"covered":21,"skipped":0,"pct":100},"functions":{"total":4,"covered":4,"skipped":0,"pct":100},"statements":{"total":21,"covered":21,"skipped":0,"pct":100},"branches":{"total":4,"covered":4,"skipped":0,"pct":100}}
,"C:\\Users\\ICNA\\Desktop\\IWrite\\web\\src\\features\\books\\components\\book-card.tsx": {"lines":{"total":156,"covered":152,"skipped":0,"pct":97.43},"functions":{"total":13,"covered":13,"skipped":0,"pct":100},"statements":{"total":156,"covered":152,"skipped":0,"pct":97.43},"branches":{"total":32,"covered":25,"skipped":0,"pct":78.12}}
,"C:\\Users\\ICNA\\Desktop\\IWrite\\web\\src\\features\\books\\components\\books-list.tsx": {"lines":{"total":42,"covered":42,"skipped":0,"pct":100},"functions":{"total":1,"covered":1,"skipped":0,"pct":100},"statements":{"total":42,"covered":42,"skipped":0,"pct":100},"branches":{"total":6,"covered":6,"skipped":0,"pct":100}}
,"C:\\Users\\ICNA\\Desktop\\IWrite\\web\\src\\features\\books\\components\\create-book-form.tsx": {"lines":{"total":65,"covered":61,"skipped":0,"pct":93.84},"functions":{"total":7,"covered":7,"skipped":0,"pct":100},"statements":{"total":65,"covered":61,"skipped":0,"pct":93.84},"branches":{"total":16,"covered":12,"skipped":0,"pct":75}}
,"C:\\Users\\ICNA\\Desktop\\IWrite\\web\\src\\features\\books\\utils\\sort-books.ts": {"lines":{"total":41,"covered":37,"skipped":0,"pct":90.24},"functions":{"total":3,"covered":3,"skipped":0,"pct":100},"statements":{"total":41,"covered":37,"skipped":0,"pct":90.24},"branches":{"total":27,"covered":22,"skipped":0,"pct":81.48}}
,"C:\\Users\\ICNA\\Desktop\\IWrite\\web\\src\\features\\characters\\types.ts": {"lines":{"total":0,"covered":0,"skipped":0,"pct":100},"functions":{"total":1,"covered":1,"skipped":0,"pct":100},"statements":{"total":0,"covered":0,"skipped":0,"pct":100},"branches":{"total":1,"covered":1,"skipped":0,"pct":100}}
,"C:\\Users\\ICNA\\Desktop\\IWrite\\web\\src\\features\\characters\\api\\characters-api.ts": {"lines":{"total":24,"covered":6,"skipped":0,"pct":25},"functions":{"total":5,"covered":0,"skipped":0,"pct":0},"statements":{"total":24,"covered":6,"skipped":0,"pct":25},"branches":{"total":0,"covered":0,"skipped":0,"pct":100}}
,"C:\\Users\\ICNA\\Desktop\\IWrite\\web\\src\\features\\characters\\api\\characters-hooks.ts": {"lines":{"total":45,"covered":8,"skipped":0,"pct":17.77},"functions":{"total":5,"covered":0,"skipped":0,"pct":0},"statements":{"total":45,"covered":8,"skipped":0,"pct":17.77},"branches":{"total":0,"covered":0,"skipped":0,"pct":100}}
,"C:\\Users\\ICNA\\Desktop\\IWrite\\web\\src\\features\\characters\\components\\character-form.tsx": {"lines":{"total":224,"covered":224,"skipped":0,"pct":100},"functions":{"total":21,"covered":21,"skipped":0,"pct":100},"statements":{"total":224,"covered":224,"skipped":0,"pct":100},"branches":{"total":53,"covered":37,"skipped":0,"pct":69.81}}
,"C:\\Users\\ICNA\\Desktop\\IWrite\\web\\src\\features\\characters\\components\\characters-list.tsx": {"lines":{"total":76,"covered":68,"skipped":0,"pct":89.47},"functions":{"total":5,"covered":4,"skipped":0,"pct":80},"statements":{"total":76,"covered":68,"skipped":0,"pct":89.47},"branches":{"total":14,"covered":7,"skipped":0,"pct":50}}
,"C:\\Users\\ICNA\\Desktop\\IWrite\\web\\src\\features\\characters\\components\\characters-panel.tsx": {"lines":{"total":139,"covered":119,"skipped":0,"pct":85.61},"functions":{"total":10,"covered":8,"skipped":0,"pct":80},"statements":{"total":139,"covered":119,"skipped":0,"pct":85.61},"branches":{"total":32,"covered":28,"skipped":0,"pct":87.5}}
,"C:\\Users\\ICNA\\Desktop\\IWrite\\web\\src\\features\\dashboard\\types.ts": {"lines":{"total":0,"covered":0,"skipped":0,"pct":100},"functions":{"total":1,"covered":1,"skipped":0,"pct":100},"statements":{"total":0,"covered":0,"skipped":0,"pct":100},"branches":{"total":1,"covered":1,"skipped":0,"pct":100}}
,"C:\\Users\\ICNA\\Desktop\\IWrite\\web\\src\\features\\dashboard\\api\\dashboard-api.ts": {"lines":{"total":26,"covered":0,"skipped":0,"pct":0},"functions":{"total":1,"covered":1,"skipped":0,"pct":100},"statements":{"total":26,"covered":0,"skipped":0,"pct":0},"branches":{"total":1,"covered":1,"skipped":0,"pct":100}}
,"C:\\Users\\ICNA\\Desktop\\IWrite\\web\\src\\features\\dashboard\\api\\dashboard-hooks.ts": {"lines":{"total":30,"covered":0,"skipped":0,"pct":0},"functions":{"total":1,"covered":1,"skipped":0,"pct":100},"statements":{"total":30,"covered":0,"skipped":0,"pct":0},"branches":{"total":1,"covered":1,"skipped":0,"pct":100}}
,"C:\\Users\\ICNA\\Desktop\\IWrite\\web\\src\\features\\dashboard\\components\\book-dashboard.tsx": {"lines":{"total":1141,"covered":1029,"skipped":0,"pct":90.18},"functions":{"total":82,"covered":65,"skipped":0,"pct":79.26},"statements":{"total":1141,"covered":1029,"skipped":0,"pct":90.18},"branches":{"total":276,"covered":243,"skipped":0,"pct":88.04}}
,"C:\\Users\\ICNA\\Desktop\\IWrite\\web\\src\\features\\dashboard\\components\\dashboard-detail-modal.tsx": {"lines":{"total":435,"covered":379,"skipped":0,"pct":87.12},"functions":{"total":28,"covered":23,"skipped":0,"pct":82.14},"statements":{"total":435,"covered":379,"skipped":0,"pct":87.12},"branches":{"total":119,"covered":78,"skipped":0,"pct":65.54}}
,"C:\\Users\\ICNA\\Desktop\\IWrite\\web\\src\\features\\dashboard\\components\\dashboard-metric-card.tsx": {"lines":{"total":9,"covered":9,"skipped":0,"pct":100},"functions":{"total":1,"covered":1,"skipped":0,"pct":100},"statements":{"total":9,"covered":9,"skipped":0,"pct":100},"branches":{"total":3,"covered":3,"skipped":0,"pct":100}}
,"C:\\Users\\ICNA\\Desktop\\IWrite\\web\\src\\features\\dashboard\\components\\dashboard-status-card.tsx": {"lines":{"total":29,"covered":29,"skipped":0,"pct":100},"functions":{"total":2,"covered":2,"skipped":0,"pct":100},"statements":{"total":29,"covered":29,"skipped":0,"pct":100},"branches":{"total":2,"covered":2,"skipped":0,"pct":100}}
,"C:\\Users\\ICNA\\Desktop\\IWrite\\web\\src\\features\\dashboard\\components\\user-dashboard.tsx": {"lines":{"total":129,"covered":129,"skipped":0,"pct":100},"functions":{"total":6,"covered":6,"skipped":0,"pct":100},"statements":{"total":129,"covered":129,"skipped":0,"pct":100},"branches":{"total":27,"covered":27,"skipped":0,"pct":100}}
,"C:\\Users\\ICNA\\Desktop\\IWrite\\web\\src\\features\\export\\api\\export-api.ts": {"lines":{"total":33,"covered":22,"skipped":0,"pct":66.66},"functions":{"total":2,"covered":1,"skipped":0,"pct":50},"statements":{"total":33,"covered":22,"skipped":0,"pct":66.66},"branches":{"total":1,"covered":1,"skipped":0,"pct":100}}
,"C:\\Users\\ICNA\\Desktop\\IWrite\\web\\src\\features\\export\\components\\export-manuscript-button.tsx": {"lines":{"total":65,"covered":65,"skipped":0,"pct":100},"functions":{"total":5,"covered":5,"skipped":0,"pct":100},"statements":{"total":65,"covered":65,"skipped":0,"pct":100},"branches":{"total":8,"covered":8,"skipped":0,"pct":100}}
,"C:\\Users\\ICNA\\Desktop\\IWrite\\web\\src\\features\\export\\components\\export-notebook-button.tsx": {"lines":{"total":84,"covered":84,"skipped":0,"pct":100},"functions":{"total":6,"covered":6,"skipped":0,"pct":100},"statements":{"total":84,"covered":84,"skipped":0,"pct":100},"branches":{"total":13,"covered":13,"skipped":0,"pct":100}}
,"C:\\Users\\ICNA\\Desktop\\IWrite\\web\\src\\features\\export\\components\\export-options-popover.tsx": {"lines":{"total":66,"covered":66,"skipped":0,"pct":100},"functions":{"total":2,"covered":2,"skipped":0,"pct":100},"statements":{"total":66,"covered":66,"skipped":0,"pct":100},"branches":{"total":13,"covered":13,"skipped":0,"pct":100}}
,"C:\\Users\\ICNA\\Desktop\\IWrite\\web\\src\\features\\items\\types.ts": {"lines":{"total":0,"covered":0,"skipped":0,"pct":100},"functions":{"total":1,"covered":1,"skipped":0,"pct":100},"statements":{"total":0,"covered":0,"skipped":0,"pct":100},"branches":{"total":1,"covered":1,"skipped":0,"pct":100}}
,"C:\\Users\\ICNA\\Desktop\\IWrite\\web\\src\\features\\items\\api\\items-api.ts": {"lines":{"total":24,"covered":6,"skipped":0,"pct":25},"functions":{"total":5,"covered":0,"skipped":0,"pct":0},"statements":{"total":24,"covered":6,"skipped":0,"pct":25},"branches":{"total":0,"covered":0,"skipped":0,"pct":100}}
,"C:\\Users\\ICNA\\Desktop\\IWrite\\web\\src\\features\\items\\api\\items-hooks.ts": {"lines":{"total":45,"covered":8,"skipped":0,"pct":17.77},"functions":{"total":5,"covered":0,"skipped":0,"pct":0},"statements":{"total":45,"covered":8,"skipped":0,"pct":17.77},"branches":{"total":0,"covered":0,"skipped":0,"pct":100}}
,"C:\\Users\\ICNA\\Desktop\\IWrite\\web\\src\\features\\items\\components\\item-form.tsx": {"lines":{"total":182,"covered":182,"skipped":0,"pct":100},"functions":{"total":16,"covered":16,"skipped":0,"pct":100},"statements":{"total":182,"covered":182,"skipped":0,"pct":100},"branches":{"total":41,"covered":30,"skipped":0,"pct":73.17}}
,"C:\\Users\\ICNA\\Desktop\\IWrite\\web\\src\\features\\items\\components\\items-list.tsx": {"lines":{"total":75,"covered":67,"skipped":0,"pct":89.33},"functions":{"total":5,"covered":4,"skipped":0,"pct":80},"statements":{"total":75,"covered":67,"skipped":0,"pct":89.33},"branches":{"total":16,"covered":8,"skipped":0,"pct":50}}
,"C:\\Users\\ICNA\\Desktop\\IWrite\\web\\src\\features\\items\\components\\items-panel.tsx": {"lines":{"total":148,"covered":128,"skipped":0,"pct":86.48},"functions":{"total":10,"covered":8,"skipped":0,"pct":80},"statements":{"total":148,"covered":128,"skipped":0,"pct":86.48},"branches":{"total":38,"covered":32,"skipped":0,"pct":84.21}}
,"C:\\Users\\ICNA\\Desktop\\IWrite\\web\\src\\features\\kanban\\components\\scene-kanban-panel.tsx": {"lines":{"total":418,"covered":385,"skipped":0,"pct":92.1},"functions":{"total":24,"covered":21,"skipped":0,"pct":87.5},"statements":{"total":418,"covered":385,"skipped":0,"pct":92.1},"branches":{"total":91,"covered":79,"skipped":0,"pct":86.81}}
,"C:\\Users\\ICNA\\Desktop\\IWrite\\web\\src\\features\\kanban\\utils\\kanban-model.ts": {"lines":{"total":97,"covered":89,"skipped":0,"pct":91.75},"functions":{"total":5,"covered":5,"skipped":0,"pct":100},"statements":{"total":97,"covered":89,"skipped":0,"pct":91.75},"branches":{"total":32,"covered":29,"skipped":0,"pct":90.62}}
,"C:\\Users\\ICNA\\Desktop\\IWrite\\web\\src\\features\\locations\\types.ts": {"lines":{"total":0,"covered":0,"skipped":0,"pct":100},"functions":{"total":1,"covered":1,"skipped":0,"pct":100},"statements":{"total":0,"covered":0,"skipped":0,"pct":100},"branches":{"total":1,"covered":1,"skipped":0,"pct":100}}
,"C:\\Users\\ICNA\\Desktop\\IWrite\\web\\src\\features\\locations\\api\\locations-api.ts": {"lines":{"total":24,"covered":6,"skipped":0,"pct":25},"functions":{"total":5,"covered":0,"skipped":0,"pct":0},"statements":{"total":24,"covered":6,"skipped":0,"pct":25},"branches":{"total":0,"covered":0,"skipped":0,"pct":100}}
,"C:\\Users\\ICNA\\Desktop\\IWrite\\web\\src\\features\\locations\\api\\locations-hooks.ts": {"lines":{"total":45,"covered":8,"skipped":0,"pct":17.77},"functions":{"total":5,"covered":0,"skipped":0,"pct":0},"statements":{"total":45,"covered":8,"skipped":0,"pct":17.77},"branches":{"total":0,"covered":0,"skipped":0,"pct":100}}
,"C:\\Users\\ICNA\\Desktop\\IWrite\\web\\src\\features\\locations\\components\\location-form.tsx": {"lines":{"total":163,"covered":163,"skipped":0,"pct":100},"functions":{"total":15,"covered":15,"skipped":0,"pct":100},"statements":{"total":163,"covered":163,"skipped":0,"pct":100},"branches":{"total":37,"covered":28,"skipped":0,"pct":75.67}}
,"C:\\Users\\ICNA\\Desktop\\IWrite\\web\\src\\features\\locations\\components\\locations-list.tsx": {"lines":{"total":69,"covered":62,"skipped":0,"pct":89.85},"functions":{"total":5,"covered":4,"skipped":0,"pct":80},"statements":{"total":69,"covered":62,"skipped":0,"pct":89.85},"branches":{"total":11,"covered":7,"skipped":0,"pct":63.63}}
,"C:\\Users\\ICNA\\Desktop\\IWrite\\web\\src\\features\\locations\\components\\locations-panel.tsx": {"lines":{"total":139,"covered":119,"skipped":0,"pct":85.61},"functions":{"total":10,"covered":8,"skipped":0,"pct":80},"statements":{"total":139,"covered":119,"skipped":0,"pct":85.61},"branches":{"total":32,"covered":28,"skipped":0,"pct":87.5}}
,"C:\\Users\\ICNA\\Desktop\\IWrite\\web\\src\\features\\notebook\\types.ts": {"lines":{"total":0,"covered":0,"skipped":0,"pct":100},"functions":{"total":1,"covered":1,"skipped":0,"pct":100},"statements":{"total":0,"covered":0,"skipped":0,"pct":100},"branches":{"total":1,"covered":1,"skipped":0,"pct":100}}
,"C:\\Users\\ICNA\\Desktop\\IWrite\\web\\src\\features\\notebook\\api\\notebook-api.ts": {"lines":{"total":42,"covered":0,"skipped":0,"pct":0},"functions":{"total":1,"covered":1,"skipped":0,"pct":100},"statements":{"total":42,"covered":0,"skipped":0,"pct":0},"branches":{"total":1,"covered":1,"skipped":0,"pct":100}}
,"C:\\Users\\ICNA\\Desktop\\IWrite\\web\\src\\features\\notebook\\api\\notebook-hooks.ts": {"lines":{"total":80,"covered":76,"skipped":0,"pct":95},"functions":{"total":25,"covered":21,"skipped":0,"pct":84},"statements":{"total":80,"covered":76,"skipped":0,"pct":95},"branches":{"total":22,"covered":22,"skipped":0,"pct":100}}
,"C:\\Users\\ICNA\\Desktop\\IWrite\\web\\src\\features\\notebook\\components\\notebook-panel.tsx": {"lines":{"total":728,"covered":663,"skipped":0,"pct":91.07},"functions":{"total":57,"covered":46,"skipped":0,"pct":80.7},"statements":{"total":728,"covered":663,"skipped":0,"pct":91.07},"branches":{"total":190,"covered":158,"skipped":0,"pct":83.15}}
,"C:\\Users\\ICNA\\Desktop\\IWrite\\web\\src\\features\\outline\\types.ts": {"lines":{"total":0,"covered":0,"skipped":0,"pct":100},"functions":{"total":1,"covered":1,"skipped":0,"pct":100},"statements":{"total":0,"covered":0,"skipped":0,"pct":100},"branches":{"total":1,"covered":1,"skipped":0,"pct":100}}
,"C:\\Users\\ICNA\\Desktop\\IWrite\\web\\src\\features\\outline\\api\\outline-api.ts": {"lines":{"total":67,"covered":13,"skipped":0,"pct":19.4},"functions":{"total":12,"covered":0,"skipped":0,"pct":0},"statements":{"total":67,"covered":13,"skipped":0,"pct":19.4},"branches":{"total":0,"covered":0,"skipped":0,"pct":100}}
,"C:\\Users\\ICNA\\Desktop\\IWrite\\web\\src\\features\\outline\\api\\outline-reorder-mutations.ts": {"lines":{"total":37,"covered":26,"skipped":0,"pct":70.27},"functions":{"total":10,"covered":3,"skipped":0,"pct":30},"statements":{"total":37,"covered":26,"skipped":0,"pct":70.27},"branches":{"total":3,"covered":3,"skipped":0,"pct":100}}
,"C:\\Users\\ICNA\\Desktop\\IWrite\\web\\src\\features\\outline\\components\\chapter-item.tsx": {"lines":{"total":179,"covered":144,"skipped":0,"pct":80.44},"functions":{"total":12,"covered":1,"skipped":0,"pct":8.33},"statements":{"total":179,"covered":144,"skipped":0,"pct":80.44},"branches":{"total":14,"covered":7,"skipped":0,"pct":50}}
,"C:\\Users\\ICNA\\Desktop\\IWrite\\web\\src\\features\\outline\\components\\collapse-chevron-button.tsx": {"lines":{"total":18,"covered":18,"skipped":0,"pct":100},"functions":{"total":1,"covered":1,"skipped":0,"pct":100},"statements":{"total":18,"covered":18,"skipped":0,"pct":100},"branches":{"total":2,"covered":1,"skipped":0,"pct":50}}
,"C:\\Users\\ICNA\\Desktop\\IWrite\\web\\src\\features\\outline\\components\\inline-create-form.tsx": {"lines":{"total":35,"covered":27,"skipped":0,"pct":77.14},"functions":{"total":3,"covered":1,"skipped":0,"pct":33.33},"statements":{"total":35,"covered":27,"skipped":0,"pct":77.14},"branches":{"total":4,"covered":3,"skipped":0,"pct":75}}
,"C:\\Users\\ICNA\\Desktop\\IWrite\\web\\src\\features\\outline\\components\\outline-drag-overlay.tsx": {"lines":{"total":39,"covered":39,"skipped":0,"pct":100},"functions":{"total":5,"covered":5,"skipped":0,"pct":100},"statements":{"total":39,"covered":39,"skipped":0,"pct":100},"branches":{"total":6,"covered":6,"skipped":0,"pct":100}}
,"C:\\Users\\ICNA\\Desktop\\IWrite\\web\\src\\features\\outline\\components\\outline-sidebar-parts.tsx": {"lines":{"total":10,"covered":4,"skipped":0,"pct":40},"functions":{"total":2,"covered":1,"skipped":0,"pct":50},"statements":{"total":10,"covered":4,"skipped":0,"pct":40},"branches":{"total":1,"covered":1,"skipped":0,"pct":100}}
,"C:\\Users\\ICNA\\Desktop\\IWrite\\web\\src\\features\\outline\\components\\outline-sidebar.tsx": {"lines":{"total":390,"covered":232,"skipped":0,"pct":59.48},"functions":{"total":49,"covered":3,"skipped":0,"pct":6.12},"statements":{"total":390,"covered":232,"skipped":0,"pct":59.48},"branches":{"total":46,"covered":39,"skipped":0,"pct":84.78}}
,"C:\\Users\\ICNA\\Desktop\\IWrite\\web\\src\\features\\outline\\components\\scene-row.tsx": {"lines":{"total":57,"covered":57,"skipped":0,"pct":100},"functions":{"total":3,"covered":2,"skipped":0,"pct":66.66},"statements":{"total":57,"covered":57,"skipped":0,"pct":100},"branches":{"total":11,"covered":10,"skipped":0,"pct":90.9}}
,"C:\\Users\\ICNA\\Desktop\\IWrite\\web\\src\\features\\outline\\components\\section-item.tsx": {"lines":{"total":221,"covered":182,"skipped":0,"pct":82.35},"functions":{"total":12,"covered":1,"skipped":0,"pct":8.33},"statements":{"total":221,"covered":182,"skipped":0,"pct":82.35},"branches":{"total":12,"covered":5,"skipped":0,"pct":41.66}}
,"C:\\Users\\ICNA\\Desktop\\IWrite\\web\\src\\features\\outline\\utils\\reorder.ts": {"lines":{"total":14,"covered":14,"skipped":0,"pct":100},"functions":{"total":1,"covered":1,"skipped":0,"pct":100},"statements":{"total":14,"covered":14,"skipped":0,"pct":100},"branches":{"total":10,"covered":10,"skipped":0,"pct":100}}
,"C:\\Users\\ICNA\\Desktop\\IWrite\\web\\src\\features\\scene-planning\\types.ts": {"lines":{"total":0,"covered":0,"skipped":0,"pct":100},"functions":{"total":1,"covered":1,"skipped":0,"pct":100},"statements":{"total":0,"covered":0,"skipped":0,"pct":100},"branches":{"total":1,"covered":1,"skipped":0,"pct":100}}
,"C:\\Users\\ICNA\\Desktop\\IWrite\\web\\src\\features\\scene-planning\\api\\scene-planning-api.ts": {"lines":{"total":7,"covered":2,"skipped":0,"pct":28.57},"functions":{"total":1,"covered":0,"skipped":0,"pct":0},"statements":{"total":7,"covered":2,"skipped":0,"pct":28.57},"branches":{"total":0,"covered":0,"skipped":0,"pct":100}}
,"C:\\Users\\ICNA\\Desktop\\IWrite\\web\\src\\features\\scene-planning\\hooks\\use-scene-planning.ts": {"lines":{"total":15,"covered":15,"skipped":0,"pct":100},"functions":{"total":3,"covered":3,"skipped":0,"pct":100},"statements":{"total":15,"covered":15,"skipped":0,"pct":100},"branches":{"total":3,"covered":3,"skipped":0,"pct":100}}
,"C:\\Users\\ICNA\\Desktop\\IWrite\\web\\src\\features\\scenes\\types.ts": {"lines":{"total":0,"covered":0,"skipped":0,"pct":100},"functions":{"total":1,"covered":1,"skipped":0,"pct":100},"statements":{"total":0,"covered":0,"skipped":0,"pct":100},"branches":{"total":1,"covered":1,"skipped":0,"pct":100}}
,"C:\\Users\\ICNA\\Desktop\\IWrite\\web\\src\\features\\scenes\\api\\analyze-scene.ts": {"lines":{"total":13,"covered":13,"skipped":0,"pct":100},"functions":{"total":1,"covered":1,"skipped":0,"pct":100},"statements":{"total":13,"covered":13,"skipped":0,"pct":100},"branches":{"total":4,"covered":4,"skipped":0,"pct":100}}
,"C:\\Users\\ICNA\\Desktop\\IWrite\\web\\src\\features\\scenes\\api\\scenes-api.ts": {"lines":{"total":33,"covered":0,"skipped":0,"pct":0},"functions":{"total":1,"covered":0,"skipped":0,"pct":0},"statements":{"total":33,"covered":0,"skipped":0,"pct":0},"branches":{"total":1,"covered":0,"skipped":0,"pct":0}}
,"C:\\Users\\ICNA\\Desktop\\IWrite\\web\\src\\features\\scenes\\components\\scene-ai-analysis-panel.tsx": {"lines":{"total":221,"covered":221,"skipped":0,"pct":100},"functions":{"total":9,"covered":9,"skipped":0,"pct":100},"statements":{"total":221,"covered":221,"skipped":0,"pct":100},"branches":{"total":65,"covered":65,"skipped":0,"pct":100}}
,"C:\\Users\\ICNA\\Desktop\\IWrite\\web\\src\\features\\scenes\\components\\scene-content-editor.tsx": {"lines":{"total":62,"covered":58,"skipped":0,"pct":93.54},"functions":{"total":2,"covered":1,"skipped":0,"pct":50},"statements":{"total":62,"covered":58,"skipped":0,"pct":93.54},"branches":{"total":7,"covered":5,"skipped":0,"pct":71.42}}
,"C:\\Users\\ICNA\\Desktop\\IWrite\\web\\src\\features\\scenes\\components\\scene-editor-header.tsx": {"lines":{"total":91,"covered":88,"skipped":0,"pct":96.7},"functions":{"total":2,"covered":2,"skipped":0,"pct":100},"statements":{"total":91,"covered":88,"skipped":0,"pct":96.7},"branches":{"total":14,"covered":11,"skipped":0,"pct":78.57}}
,"C:\\Users\\ICNA\\Desktop\\IWrite\\web\\src\\features\\scenes\\components\\scene-editor.tsx": {"lines":{"total":690,"covered":626,"skipped":0,"pct":90.72},"functions":{"total":26,"covered":23,"skipped":0,"pct":88.46},"statements":{"total":690,"covered":626,"skipped":0,"pct":90.72},"branches":{"total":194,"covered":154,"skipped":0,"pct":79.38}}
,"C:\\Users\\ICNA\\Desktop\\IWrite\\web\\src\\features\\scenes\\components\\scene-empty-state.tsx": {"lines":{"total":7,"covered":7,"skipped":0,"pct":100},"functions":{"total":1,"covered":1,"skipped":0,"pct":100},"statements":{"total":7,"covered":7,"skipped":0,"pct":100},"branches":{"total":1,"covered":1,"skipped":0,"pct":100}}
,"C:\\Users\\ICNA\\Desktop\\IWrite\\web\\src\\features\\scenes\\components\\scene-metadata-form.tsx": {"lines":{"total":61,"covered":59,"skipped":0,"pct":96.72},"functions":{"total":4,"covered":2,"skipped":0,"pct":50},"statements":{"total":61,"covered":59,"skipped":0,"pct":96.72},"branches":{"total":6,"covered":5,"skipped":0,"pct":83.33}}
,"C:\\Users\\ICNA\\Desktop\\IWrite\\web\\src\\features\\scenes\\components\\scene-planning-panel.tsx": {"lines":{"total":510,"covered":484,"skipped":0,"pct":94.9},"functions":{"total":28,"covered":24,"skipped":0,"pct":85.71},"statements":{"total":510,"covered":484,"skipped":0,"pct":94.9},"branches":{"total":132,"covered":102,"skipped":0,"pct":77.27}}
,"C:\\Users\\ICNA\\Desktop\\IWrite\\web\\src\\features\\scenes\\components\\scene-version-history-panel.tsx": {"lines":{"total":177,"covered":119,"skipped":0,"pct":67.23},"functions":{"total":11,"covered":5,"skipped":0,"pct":45.45},"statements":{"total":177,"covered":119,"skipped":0,"pct":67.23},"branches":{"total":39,"covered":30,"skipped":0,"pct":76.92}}
,"C:\\Users\\ICNA\\Desktop\\IWrite\\web\\src\\features\\scenes\\editor\\tab-keymap.ts": {"lines":{"total":27,"covered":25,"skipped":0,"pct":92.59},"functions":{"total":3,"covered":3,"skipped":0,"pct":100},"statements":{"total":27,"covered":25,"skipped":0,"pct":92.59},"branches":{"total":9,"covered":8,"skipped":0,"pct":88.88}}
,"C:\\Users\\ICNA\\Desktop\\IWrite\\web\\src\\features\\scenes\\editor\\tiptap-editor.tsx": {"lines":{"total":171,"covered":158,"skipped":0,"pct":92.39},"functions":{"total":17,"covered":7,"skipped":0,"pct":41.17},"statements":{"total":171,"covered":158,"skipped":0,"pct":92.39},"branches":{"total":17,"covered":11,"skipped":0,"pct":64.7}}
,"C:\\Users\\ICNA\\Desktop\\IWrite\\web\\src\\features\\storyboard\\components\\scene-storyboard-panel.tsx": {"lines":{"total":224,"covered":217,"skipped":0,"pct":96.87},"functions":{"total":10,"covered":10,"skipped":0,"pct":100},"statements":{"total":224,"covered":217,"skipped":0,"pct":96.87},"branches":{"total":43,"covered":39,"skipped":0,"pct":90.69}}
,"C:\\Users\\ICNA\\Desktop\\IWrite\\web\\src\\features\\storyboard\\utils\\storyboard-model.ts": {"lines":{"total":65,"covered":65,"skipped":0,"pct":100},"functions":{"total":2,"covered":2,"skipped":0,"pct":100},"statements":{"total":65,"covered":65,"skipped":0,"pct":100},"branches":{"total":11,"covered":11,"skipped":0,"pct":100}}
,"C:\\Users\\ICNA\\Desktop\\IWrite\\web\\src\\features\\workspace\\components\\book-workspace.tsx": {"lines":{"total":356,"covered":333,"skipped":0,"pct":93.53},"functions":{"total":18,"covered":13,"skipped":0,"pct":72.22},"statements":{"total":356,"covered":333,"skipped":0,"pct":93.53},"branches":{"total":138,"covered":121,"skipped":0,"pct":87.68}}
,"C:\\Users\\ICNA\\Desktop\\IWrite\\web\\src\\lib\\api\\client.ts": {"lines":{"total":32,"covered":19,"skipped":0,"pct":59.37},"functions":{"total":3,"covered":2,"skipped":0,"pct":66.66},"statements":{"total":32,"covered":19,"skipped":0,"pct":59.37},"branches":{"total":9,"covered":6,"skipped":0,"pct":66.66}}
,"C:\\Users\\ICNA\\Desktop\\IWrite\\web\\src\\lib\\api\\download-file.ts": {"lines":{"total":39,"covered":27,"skipped":0,"pct":69.23},"functions":{"total":3,"covered":2,"skipped":0,"pct":66.66},"statements":{"total":39,"covered":27,"skipped":0,"pct":69.23},"branches":{"total":14,"covered":10,"skipped":0,"pct":71.42}}
,"C:\\Users\\ICNA\\Desktop\\IWrite\\web\\src\\lib\\query\\keys.ts": {"lines":{"total":17,"covered":17,"skipped":0,"pct":100},"functions":{"total":13,"covered":6,"skipped":0,"pct":46.15},"statements":{"total":17,"covered":17,"skipped":0,"pct":100},"branches":{"total":6,"covered":6,"skipped":0,"pct":100}}
}
